<?xml version="1.0" encoding="UTF-8"?>
<testsuite name="org.example.MessageTest" tests="1" skipped="0" failures="0" errors="0" timestamp="2023-09-09T11:15:29" hostname="VKIRILL-PC" time="0.053">
  <properties/>
  <testcase name="testToString()" classname="org.example.MessageTest" time="0.053"/>
  <system-out><![CDATA[]]></system-out>
  <system-err><![CDATA[]]></system-err>
</testsuite>
